1299.18
14.39
246.14
20.16
103.76
32.42
10.29
50.30
39.79
26.36
160.55
80.54
59.45
6.29
282.20
220.17
23.28
354.97
27.07
67.79
19.92
39.37
99.89
153.01
1299.18
237.21
63.52
9.67
1.86
116.22
44.69
335.77
2916.15
16.58
104.01
122.62
100.48
189.80
309.28
389.21
213.27
21.57
56.46
155.65
15.24
4.78
17.96
4.96
359.91
107.64
108.22
74.63
78.36
137.01
4.88
7.75
28.97
92.15
239.26
21.26
150.33
76.98
168.60
50.91
1671.20
13.11
11.30
16.04
72.09
16.20
98.76
86.09
2048.15
54.47
22.48
60.71
1.44
346.32
745.07
2.93
20.46
69.32
16.45
8.76
113.33
13.80
28.70
175.41
350.06
0.50
329.73
12.02
55.85
160.62
16.00
262.46
199.57
21.24
197.58
1.09
281.53
23.00
84.23
148.42
1.37
106.71
15.65
74.14
37.49
27.71
42.33
60.45
424.10
0.30
113.64
252.97
15.93
6.55
309.76
89.72
49.81
6.90
87.02
164.37
50.22
18.81
1726.22
1498.20
490.72
143.27
546.45
141.17
36.49
1916.66
320.44
27.99
255.33
52.27
429.40
129.63
359.49
289.10
153.59
295.65
17.66
87.19
11.44
155.24
164.27
112.26
194.57
31.23
407.72
39.26
42.30
32.53
153.22
11.53
7.68
155.01
244.47
10.22
585.90
138.52
59.42
1009.05
63.24
86.64
6.40
88.45
114.34
206.37
2471.55
177.95
21.87
4.87
1.39
20.21
29.26
1097.81
167.97
256.32
7921.16
123.09
52.21
28.87
6.80
246.28
66.46
592.71
305.03
66.98
85.96
20.65
32.56
28.82
76.86
94.15
35.55
53.04
7.42
268.24
1.56
237.58
44.53
572.04
13.54
73.52
18.33
27.17
1.42
10.49
71.90
20.55
76.51
7383.08
167.63
610.17
153.02
60.67
53.73
525.39
105.12
21.55
903.19
3.22
202.46
6.35
2158.95
69.60
395.79
623.15
50.35
60.33
20.91
23.50
78.12
23.64
166.77
31.32
44.84
1056.86
5.46
162.84
86.09
7.47
134.54
166.87
574.25
3041.29
9.56
67.01
17.55
8.04
51.47
198.74
754.56
18.41
1.66
206.70
65.99
162.01
9.70
43.15
38.05
14.19
215.59
70.52
1295.18
45.16
132.24
14.80
51.59
83.98
133.45
17.17
102.46
3700.89
963.64
40.92
30.63
109.27
270.36
2.45
3.88
198.33
73.33
300.81
487.33
136.47
107.47
19.31
155.46
84.75
216.56
1.10
47.36
4.91
224.01
158.07
3.85
1723.72
29.05
49.87
345.33
19.50
259.17
26.79
3.68
173.41
29.83
758.84
189.89
12.37
1419.38
347.16
48.72
116.16
67.76
12.12
313.51
23.60
685.55
11.10
38.87
0.13
117.40
480.36
394.53
414.49
4.06
35.67
13.92
9.75
34.82
26.34
105.00
15.18
293.49
116.40
27.80
7.75
15.47
179.84
79.97
543.90
697.28
156.30
51.48
20.28
373.26
73.67
99.96
442.18
67.16
47.49
815.20
151.69
61.62
28.94
50.94
447.77
490.28
40.73
142.82
47.14
141.86
11.88
45.53
18.62
75.41
40.19
32.87
48.78
230.07
124.18
16.79
802.13
31.70
99.58
82.83
10.42
1679.88
33.29
51.36
3.25
404.50
131.34
912.85
812.52
392.71
52.48
304.34
56.68
3.85
8.93
36.18
135.41
128.61
40.46
27.47
128.50
63.96
79.17
39.54
38.78
134.52
27.06
8.88
8.03
31.40
3044.75
156.02
97.21
127.96
8.93
21.43
940.58
37.61
12.93
61.42
18.08
1.33
17.65
63.82
34.55
4.35
51.54
1072.31
3.63
158.65
9.61
2.52
114.61
425.53
30.28
101.96
68.31
272.98
104.75
66.57
48.40
0.36
25.92
3.43
212.65
72.49
41.72
14.44
48.51
95.77
67.26
42.77
653.16
643.64
15.08
41.64
11.94
35.51
62.27
24.38
9.34
22.52
697.82
149.25
144.86
41.80
132.08
32.22
104.94
56.09
48.99
57.72
267.70
143.85
37.22
115.63
0.75
49.17
103.48
94.74
118.59
41.84
3.05
65.26
10.23
4.12
39.18
9.26
234.89
30.35
211.05
59.76
132.18
26.19
69.65
252.84
275.72
224.75
77.78
